2025-11-18 11:29:42,043 INFO Pipeline started
2025-11-18 11:29:42,602 INFO Loaded raw dataframe with 10 rows
2025-11-18 11:29:42,634 INFO Saved cleaned data to C:\Users\asutosh\Downloads\Data_Engineering_Project\processed\cleaned_sales.csv
2025-11-18 11:29:42,639 INFO Quality verdict: PASS, report: C:\Users\asutosh\Downloads\Data_Engineering_Project\processed\quality_report.txt
2025-11-18 11:29:42,639 INFO Pipeline finished
2025-11-18 12:04:53,891 INFO Pipeline started
2025-11-18 12:04:53,915 INFO Loaded raw dataframe with 10 rows
2025-11-18 12:04:53,948 INFO Saved cleaned data to C:\Users\asutosh\Downloads\Data_Engineering_Project\processed\cleaned_sales.csv
2025-11-18 12:04:53,963 INFO Quality verdict: PASS, report: C:\Users\asutosh\Downloads\Data_Engineering_Project\processed\quality_report.txt
2025-11-18 12:04:53,963 INFO Pipeline finished
2025-11-20 13:01:18,305 INFO Pipeline started
2025-11-20 13:01:18,330 INFO Loaded raw dataframe with 10 rows
2025-11-20 13:01:18,337 INFO Saved cleaned data to C:\Users\asutosh\Downloads\Data_Engineering_Project\processed\cleaned_sales.csv
2025-11-20 13:01:18,361 INFO Quality verdict: PASS, report: C:\Users\asutosh\Downloads\Data_Engineering_Project\processed\quality_report.txt
2025-11-20 13:01:18,361 INFO Pipeline finished
2025-11-20 13:01:53,399 INFO Pipeline started
2025-11-20 13:01:53,408 INFO Loaded raw dataframe with 10 rows
2025-11-20 13:01:53,416 INFO Saved cleaned data to C:\Users\asutosh\Downloads\Data_Engineering_Project\processed\cleaned_sales.csv
2025-11-20 13:01:53,432 INFO Quality verdict: PASS, report: C:\Users\asutosh\Downloads\Data_Engineering_Project\processed\quality_report.txt
2025-11-20 13:01:53,432 INFO Pipeline finished
2025-11-20 13:04:08,840 INFO Pipeline started
2025-11-20 13:04:08,848 INFO Loaded raw dataframe with 10 rows
2025-11-20 13:04:08,863 INFO Saved cleaned data to C:\Users\asutosh\Downloads\Data_Engineering_Project\processed\cleaned_sales.csv
2025-11-20 13:04:08,873 INFO Quality verdict: PASS, report: C:\Users\asutosh\Downloads\Data_Engineering_Project\processed\quality_report.txt
2025-11-20 13:04:08,873 INFO Pipeline finished
2025-11-20 13:12:07,839 INFO Pipeline started
2025-11-20 13:13:36,976 INFO Pipeline started
2025-11-20 13:14:01,133 INFO Pipeline started
2025-11-20 13:16:26,392 INFO Pipeline started
2025-11-20 13:16:56,751 INFO Pipeline started
2025-11-20 13:18:44,098 INFO Pipeline started
2025-11-20 13:20:31,166 INFO Pipeline started
2025-11-20 13:33:55,231 INFO Pipeline started
2025-11-20 13:35:14,669 INFO Pipeline started
2025-11-20 13:35:15,225 INFO Loaded raw dataframe with 1 rows
2025-11-20 13:35:15,259 INFO Saved cleaned data to C:\Users\asutosh\Downloads\Data_Engineering_Project\processed\cleaned_sales.csv
2025-11-20 13:35:15,273 INFO Quality verdict: PASS, report: C:\Users\asutosh\Downloads\Data_Engineering_Project\processed\quality_report.txt
2025-11-20 13:35:15,273 INFO Pipeline finished
2025-11-20 13:36:18,800 INFO Pipeline started
2025-11-20 13:36:18,800 INFO Loaded raw dataframe with 1 rows
2025-11-20 13:36:18,800 INFO Saved cleaned data to C:\Users\asutosh\Downloads\Data_Engineering_Project\processed\cleaned_sales.csv
2025-11-20 13:36:18,816 INFO Quality verdict: PASS, report: C:\Users\asutosh\Downloads\Data_Engineering_Project\processed\quality_report.txt
2025-11-20 13:36:18,816 INFO Pipeline finished
2025-11-20 13:36:30,166 INFO Pipeline started
2025-11-20 13:36:31,094 INFO Loaded raw dataframe with 1 rows
2025-11-20 13:36:31,094 INFO Saved cleaned data to C:\Users\asutosh\Downloads\Data_Engineering_Project\processed\cleaned_sales.csv
2025-11-20 13:36:31,110 INFO Quality verdict: PASS, report: C:\Users\asutosh\Downloads\Data_Engineering_Project\processed\quality_report.txt
2025-11-20 13:36:31,110 INFO Pipeline finished
2025-11-20 17:11:28,846 INFO Pipeline started
2025-11-20 17:11:29,039 INFO Saved cleaned data to C:\Users\asutosh\Downloads\Data_Engineering_Project\processed\cleaned_sales.csv
2025-11-20 17:11:29,039 INFO Quality verdict: PASS. Reports: C:\Users\asutosh\Downloads\Data_Engineering_Project\processed\quality_report.txt, C:\Users\asutosh\Downloads\Data_Engineering_Project\processed\quality_report.json
2025-11-20 17:11:29,039 INFO Pipeline finished
2025-11-20 17:12:31,016 INFO Pipeline started
2025-11-20 17:12:31,204 INFO Saved cleaned data to C:\Users\asutosh\Downloads\Data_Engineering_Project\processed\cleaned_sales.csv
2025-11-20 17:12:31,204 INFO Quality verdict: PASS. Reports: C:\Users\asutosh\Downloads\Data_Engineering_Project\processed\quality_report.txt, C:\Users\asutosh\Downloads\Data_Engineering_Project\processed\quality_report.json
2025-11-20 17:12:31,204 INFO Pipeline finished
